<?xml version="1.0" encoding="UTF-8"?>
<testsuite xmlns:xsi="http://www.w3.org/2001/XMLSchema-instance" xsi:noNamespaceSchemaLocation="https://maven.apache.org/surefire/maven-surefire-plugin/xsd/surefire-test-report-3.0.xsd" version="3.0" name="edu.yu.cs.com3800.stage5.Stage5Test" time="167.287" tests="1" errors="0" skipped="0" failures="0">
  <properties>
    <property name="java.specification.version" value="17"/>
    <property name="sun.jnu.encoding" value="UTF-8"/>
    <property name="java.class.path" value="/Users/gadi/YUCS/Polster_Gadi_800553989/com3800/stage5/target/test-classes:/Users/gadi/YUCS/Polster_Gadi_800553989/com3800/stage5/target/classes:/Users/gadi/.m2/repository/org/junit/jupiter/junit-jupiter-engine/5.9.0/junit-jupiter-engine-5.9.0.jar:/Users/gadi/.m2/repository/org/junit/platform/junit-platform-engine/1.9.0/junit-platform-engine-1.9.0.jar:/Users/gadi/.m2/repository/org/apiguardian/apiguardian-api/1.1.2/apiguardian-api-1.1.2.jar:/Users/gadi/.m2/repository/org/junit/jupiter/junit-jupiter-api/5.9.0/junit-jupiter-api-5.9.0.jar:/Users/gadi/.m2/repository/org/opentest4j/opentest4j/1.2.0/opentest4j-1.2.0.jar:/Users/gadi/.m2/repository/org/junit/platform/junit-platform-commons/1.9.0/junit-platform-commons-1.9.0.jar:"/>
    <property name="java.vm.vendor" value="Oracle Corporation"/>
    <property name="sun.arch.data.model" value="64"/>
    <property name="java.vendor.url" value="https://java.oracle.com/"/>
    <property name="os.name" value="Mac OS X"/>
    <property name="java.vm.specification.version" value="17"/>
    <property name="sun.java.launcher" value="SUN_STANDARD"/>
    <property name="user.country" value="US"/>
    <property name="sun.boot.library.path" value="/Library/Java/JavaVirtualMachines/jdk-17.0.4.1.jdk/Contents/Home/lib"/>
    <property name="sun.java.command" value="/Users/gadi/YUCS/Polster_Gadi_800553989/com3800/stage5/target/surefire/surefirebooter16481920456467431438.jar /Users/gadi/YUCS/Polster_Gadi_800553989/com3800/stage5/target/surefire 2022-12-26T11-01-30_203-jvmRun1 surefire1380152371441935722tmp surefire_02195438050548581336tmp"/>
    <property name="http.nonProxyHosts" value="local|*.local|169.254/16|*.169.254/16"/>
    <property name="jdk.debug" value="release"/>
    <property name="test" value="Stage5Test#Stage5Demo"/>
    <property name="surefire.test.class.path" value="/Users/gadi/YUCS/Polster_Gadi_800553989/com3800/stage5/target/test-classes:/Users/gadi/YUCS/Polster_Gadi_800553989/com3800/stage5/target/classes:/Users/gadi/.m2/repository/org/junit/jupiter/junit-jupiter-engine/5.9.0/junit-jupiter-engine-5.9.0.jar:/Users/gadi/.m2/repository/org/junit/platform/junit-platform-engine/1.9.0/junit-platform-engine-1.9.0.jar:/Users/gadi/.m2/repository/org/apiguardian/apiguardian-api/1.1.2/apiguardian-api-1.1.2.jar:/Users/gadi/.m2/repository/org/junit/jupiter/junit-jupiter-api/5.9.0/junit-jupiter-api-5.9.0.jar:/Users/gadi/.m2/repository/org/opentest4j/opentest4j/1.2.0/opentest4j-1.2.0.jar:/Users/gadi/.m2/repository/org/junit/platform/junit-platform-commons/1.9.0/junit-platform-commons-1.9.0.jar:"/>
    <property name="sun.cpu.endian" value="little"/>
    <property name="user.home" value="/Users/gadi"/>
    <property name="user.language" value="en"/>
    <property name="java.specification.vendor" value="Oracle Corporation"/>
    <property name="java.version.date" value="2022-08-18"/>
    <property name="java.home" value="/Library/Java/JavaVirtualMachines/jdk-17.0.4.1.jdk/Contents/Home"/>
    <property name="file.separator" value="/"/>
    <property name="basedir" value="/Users/gadi/YUCS/Polster_Gadi_800553989/com3800/stage5"/>
    <property name="java.vm.compressedOopsMode" value="Zero based"/>
    <property name="line.separator" value="&#10;"/>
    <property name="java.specification.name" value="Java Platform API Specification"/>
    <property name="java.vm.specification.vendor" value="Oracle Corporation"/>
    <property name="surefire.real.class.path" value="/Users/gadi/YUCS/Polster_Gadi_800553989/com3800/stage5/target/surefire/surefirebooter16481920456467431438.jar"/>
    <property name="sun.management.compiler" value="HotSpot 64-Bit Tiered Compilers"/>
    <property name="ftp.nonProxyHosts" value="local|*.local|169.254/16|*.169.254/16"/>
    <property name="java.runtime.version" value="17.0.4.1+1-LTS-2"/>
    <property name="user.name" value="gadi"/>
    <property name="path.separator" value=":"/>
    <property name="os.version" value="13.0.1"/>
    <property name="java.runtime.name" value="Java(TM) SE Runtime Environment"/>
    <property name="file.encoding" value="UTF-8"/>
    <property name="java.vm.name" value="Java HotSpot(TM) 64-Bit Server VM"/>
    <property name="localRepository" value="/Users/gadi/.m2/repository"/>
    <property name="java.vendor.url.bug" value="https://bugreport.java.com/bugreport/"/>
    <property name="java.io.tmpdir" value="/var/folders/bn/5db1q5qs0577df6x95hsvmvw0000gn/T/"/>
    <property name="java.version" value="17.0.4.1"/>
    <property name="user.dir" value="/Users/gadi/YUCS/Polster_Gadi_800553989/com3800/stage5"/>
    <property name="os.arch" value="x86_64"/>
    <property name="java.vm.specification.name" value="Java Virtual Machine Specification"/>
    <property name="native.encoding" value="UTF-8"/>
    <property name="java.library.path" value="/Users/gadi/Library/Java/Extensions:/Library/Java/Extensions:/Network/Library/Java/Extensions:/System/Library/Java/Extensions:/usr/lib/java:."/>
    <property name="java.vm.info" value="mixed mode, sharing"/>
    <property name="java.vendor" value="Oracle Corporation"/>
    <property name="java.vm.version" value="17.0.4.1+1-LTS-2"/>
    <property name="sun.io.unicode.encoding" value="UnicodeBig"/>
    <property name="socksNonProxyHosts" value="local|*.local|169.254/16|*.169.254/16"/>
    <property name="java.class.version" value="61.0"/>
  </properties>
  <testcase name="Stage5Demo" classname="edu.yu.cs.com3800.stage5.Stage5Test" time="167.27">
    <system-out><![CDATA[compiled?
compiled?
compiled?
compiled?
compiled?
compiled?
compiled?
compiled?
before clients are created
after clients are created
leaders printed
before message sent
after message sent
before message sent
after message sent
before message sent
after message sent
before message sent
after message sent
before message sent
after message sent
before message sent
after message sent
before message sent
after message sent
before message sent
after message sent
before message sent
after message sent
messages sent
response code = 200
response code = 200
response code = 200
response code = 200
response code = 200
response code = 200
response code = 200
response code = 200
response code = 200
Response to request 0:
Hello world! from code version 0

Response to request 1:
Hello world! from code version 1

Response to request 2:
Hello world! from code version 2

Response to request 3:
Hello world! from code version 3

Response to request 4:
Hello world! from code version 4

Response to request 5:
Hello world! from code version 5

Response to request 6:
Hello world! from code version 6

Response to request 7:
Hello world! from code version 7

Response to request 8:
Hello world! from code version 8


RIP Server on port 8030 whose ID is 2
oh captain my captain!!
before message sent
after message sent
before message sent
after message sent
before message sent
after message sent
before message sent
after message sent
before message sent
after message sent
before message sent
after message sent
before message sent
after message sent
before message sent
after message sent
before message sent
after message sent
response code = 200
response code = 200
response code = 200
response code = 200
response code = 200
response code = 200
response code = 200
response code = 200
response code = 200
Response to request 0:
Hello world! from code version 0

Response to request 1:
Hello world! from code version 1

Response to request 2:
Hello world! from code version 2

Response to request 3:
Hello world! from code version 3

Response to request 4:
Hello world! from code version 4

Response to request 5:
Hello world! from code version 5

Response to request 6:
Hello world! from code version 6

Response to request 7:
Hello world! from code version 7

Response to request 8:
Hello world! from code version 8


stopping servers
]]></system-out>
  </testcase>
</testsuite>